<?xml version="1.0" encoding="UTF-8"?>
<!-- Generated by org.testng.reporters.JUnitXMLReporter -->
<testsuite hostname="US5CG7060Y40" name="Default test" tests="4" failures="0" timestamp="11 Jul 2020 19:59:11 GMT" time="268.114" errors="0">
  <testcase name="signup_scenario" time="14.106" classname="Selenium_Assignment.Vis.TestRunner"/>
  <testcase name="login_scenario" time="7.855" classname="Selenium_Assignment.Vis.TestRunner"/>
  <testcase name="checkout_scenario" time="54.393" classname="Selenium_Assignment.Vis.TestRunner"/>
  <testcase name="order_history_scenario" time="19.47" classname="Selenium_Assignment.Vis.TestRunner"/>
</testsuite> <!-- Default test -->
